  main.cpp
C:\git-clone\University\C3_S2\Computer Modeling\CM_LAB_2\main.cpp(120,78): warning C4244: '=': conversion from 'double' to 'T', possible loss of data
          with
          [
              T=float
          ]
C:\git-clone\University\C3_S2\Computer Modeling\CM_LAB_2\main.cpp(121,88): warning C4244: '=': conversion from 'double' to 'T', possible loss of data
          with
          [
              T=float
          ]
C:\git-clone\University\C3_S2\Computer Modeling\CM_LAB_2\main.cpp(197,38): warning C4244: 'argument': conversion from 'double' to 'T', possible loss of data
          with
          [
              T=float
          ]
C:\git-clone\University\C3_S2\Computer Modeling\CM_LAB_2\main.cpp(196,72): warning C4244: 'argument': conversion from 'double' to 'T', possible loss of data
          with
          [
              T=float
          ]
C:\git-clone\University\C3_S2\Computer Modeling\CM_LAB_2\main.cpp(204,38): warning C4244: 'argument': conversion from 'double' to 'T', possible loss of data
          with
          [
              T=float
          ]
C:\git-clone\University\C3_S2\Computer Modeling\CM_LAB_2\main.cpp(203,73): warning C4244: 'argument': conversion from 'double' to 'T', possible loss of data
          with
          [
              T=float
          ]
  CM_LAB_2.vcxproj -> C:\git-clone\University\C3_S2\Computer Modeling\CM_LAB_2\x64\Debug\CM_LAB_2.exe
