  main.cpp
C:\Users\gwinb\source\repos\CM_LAB_2\main.cpp(103,70): warning C4244: '=': conversion from 'double' to 'T', possible loss of data
          with
          [
              T=float
          ]
C:\Users\gwinb\source\repos\CM_LAB_2\main.cpp(104,80): warning C4244: '=': conversion from 'double' to 'T', possible loss of data
          with
          [
              T=float
          ]
C:\Users\gwinb\source\repos\CM_LAB_2\main.cpp(180,137): warning C4244: 'argument': conversion from 'double' to 'T', possible loss of data
          with
          [
              T=float
          ]
C:\Users\gwinb\source\repos\CM_LAB_2\main.cpp(180,72): warning C4244: 'argument': conversion from 'double' to 'T', possible loss of data
          with
          [
              T=float
          ]
C:\Users\gwinb\source\repos\CM_LAB_2\main.cpp(186,138): warning C4244: 'argument': conversion from 'double' to 'T', possible loss of data
          with
          [
              T=float
          ]
C:\Users\gwinb\source\repos\CM_LAB_2\main.cpp(186,73): warning C4244: 'argument': conversion from 'double' to 'T', possible loss of data
          with
          [
              T=float
          ]
  Generating code
  5 of 140 functions ( 3.6%) were compiled, the rest were copied from previous compilation.
    3 functions were new in current compilation
    16 functions had inline decision re-evaluated but remain unchanged
  Finished generating code
  CM_LAB_2.vcxproj -> C:\Users\gwinb\source\repos\CM_LAB_2\x64\Release\CM_LAB_2.exe
